Navigated to file:///F:/Project%20Elective%20-%20Traffic%20Modelling/myworkarea/index2.html
<br>Axis Bank ATM<br>
<br>ING Vysya Atm<br>
<br>State Bank of Mysore ATM<br>
<br>Syndicate Bank<br>
<br>Corporation Bank<br>
<br>Citibank ATM<br>
<br>State Bank Of Mysore<br>
<br>State Bank of India<br>
<br>Federal Bank<br>
<br>Corporation Bank ATM<br> 

<br> Syndicate Bank <br>
<br> Syndicate Bank <br>
<br> Syndicate Bank <br>
<br> Syndicate Bank <br>
<br>Karnataka Bank<br>
<br>Syndicate Bank<br>
<br>Syndicate Bank ATM<br>
<br>Karnataka Bank<br>
<br>Langford Town Atm Centre<br>
<br>Karnataka Bank Ltd<br>
Navigated to file:///F:/Project%20Elective%20-%20Traffic%20Modelling/myworkarea/index2.html
<br>Mount Carmel College<br>
<br>Baldwin Girls' High School<br>
<br>National Public School<br>
<br>Kendriya Vidyalaya Malleswaram<br>
<br>B P Indian Public School<br>
<br>The Cathedral High School<br>
<br>ST.JOSEPH'S BOYS' HIGH SCHOOL<br>
<br>Baldwin Boys' High School<br>
<br>St. Germain High School<br>
<br>Vijaya High School<br>
<br>J S S Educational Institutions<br>
<br>Little Flower Public School<br>
<br>The National High School<br>
<br>The Bangalore Education Society<br>
<br>Cluny Convent High School<br>
<br>Inlingua Bangalore<br>
<br>St Rock`s Girls High School<br>
<br>Government High School<br>
<br>Center for Management Studies<br>
<br>Sindhi High School<br>
