Fort High School
Bangalore Insurance Institute
Isaac Newton High School
St Joseph``s High School
School Of Graduate Studies
Wisdom International School
Mahaveer Public School
Nightingale College Of Nursing
Uncaught TypeError: Cannot read property 'name' of null
Corporation School
Uncaught TypeError: Cannot read property 'name' of null
Isaac Newton High School
Corporation School
Bangalore Insurance Institute
Nightingale College Of Nursing
St Joseph``s High School
School Of Graduate Studies
Mahaveer Public School
SIP - Malleswaram
Uncaught TypeError: Cannot read property 'name' of null
OVER_QUERY_LIMIT
OVER_QUERY_LIMIT
Nightingale College Of Nursing
Bharatiya Samskriti Vidyapith
Bangalore Medical College and Research Institute
Ramanashree Education Society
SFE Film & Television Institute
St. John's College Of Pharmacy
Chamrajpat College
Sri Kalabyraveshwara Swamy Ayurvedic Medical College
DREAMS AND DESIGNS, THE VIRTUAL TAILORS
Uncaught TypeError: Cannot read property 'name' of null
Uncaught TypeError: Cannot read property 'name' of null
Corporation School
Ramanashree Education Society
Government Primary School
Uncaught TypeError: Cannot read property 'name' of null
Uncaught TypeError: Cannot read property 'name' of null
Corporation School
Ramanashree Education Society
OVER_QUERY_LIMIT
Sri Sri Ravishankar Bal Mandir
JES Institutions-Twinklers High School
Ramanashree Academy of Management
vprov
Apple Kids
Little Crest
Uncaught TypeError: Cannot read property 'name' of null
Little Crest
Uncaught TypeError: Cannot read property 'name' of null
Uncaught TypeError: Cannot read property 'name' of null
OVER_QUERY_LIMIT
OVER_QUERY_LIMIT
Ramanashree Academy of Management
Ramanashree Education Society
Babu Jagjivan Ram Dental College & Hospital
Jay Soul - mini workshop
Sarvajna College Of Education
J.S TRAVELS
Uncaught TypeError: Cannot read property 'name' of null
Uncaught TypeError: Cannot read property 'name' of null
J.S TRAVELS
Chiguru Aatadamane School
Uncaught TypeError: Cannot read property 'name' of null
Uncaught TypeError: Cannot read property 'name' of null
J.S TRAVELS
Uncaught TypeError: Cannot read property 'name' of null
Uncaught TypeError: Cannot read property 'name' of null
J.S TRAVELS
Periyar University
Uncaught TypeError: Cannot read property 'name' of null
Uncaught TypeError: Cannot read property 'name' of null
Maulana Azad National Urdu University Polytechnic, Bangalore
Uncaught TypeError: Cannot read property 'name' of null
Uncaught TypeError: Cannot read property 'name' of null
Periyar University
Maulana Azad National Urdu University Polytechnic, Bangalore
OVER_QUERY_LIMIT
OVER_QUERY_LIMIT
SIP - Vijayanagar, Pipe Line
OVER_QUERY_LIMIT
Uncaught TypeError: Cannot read property 'name' of null
Manjunatha High School
National Public School
Uncaught TypeError: Cannot read property 'name' of null
Uncaught TypeError: Cannot read property 'name' of null
Maulana Azad National Urdu University Polytechnic, Bangalore
Adarsh Engineering
Gayathri College
Sri Rangnath Engineering
Saint Pauls BED College
Sree Beauty Parlour
Uncaught TypeError: Cannot read property 'name' of null
Uncaught TypeError: Cannot read property 'name' of null
Mysore Correspondence College
Uncaught TypeError: Cannot read property 'name' of null
Uncaught TypeError: Cannot read property 'name' of null
Mysore Correspondence College
res convent
OVER_QUERY_LIMIT
Uncaught TypeError: Cannot read property 'name' of null
res convent
Uncaught TypeError: Cannot read property 'name' of null
Uncaught TypeError: Cannot read property 'name' of null
Kanasu Educational Trust, IIMSR.
Navya college of management and science
Anupama Group of Institutions
THE DRESSER BOUTIQUE & INSTITUTE OF FASHION DESIGNING
OVER_QUERY_LIMIT
Uncaught TypeError: Cannot read property 'name' of null
Uncaught TypeError: Cannot read property 'name' of null
THE DRESSER BOUTIQUE & INSTITUTE OF FASHION DESIGNING
Uncaught TypeError: Cannot read property 'name' of null
OVER_QUERY_LIMIT
Uncaught TypeError: Cannot read property 'name' of null
Planet Bloomingdale Child Grooming Centre
Lewa English School
Uncaught TypeError: Cannot read property 'name' of null
Uncaught TypeError: Cannot read property 'name' of null
THE DRESSER BOUTIQUE & INSTITUTE OF FASHION DESIGNING
Uncaught TypeError: Cannot read property 'name' of null
Uncaught TypeError: Cannot read property 'name' of null
Kanasu Educational Trust, IIMSR.
Anupama Group of Institutions
Navya college of management and science
THE DRESSER BOUTIQUE & INSTITUTE OF FASHION DESIGNING
Goutham College of Nursing
Hamsalekha College
Indian Institute Of Management Studies & Reserch
Sri Ramakrishna College Of Nursing
Navya Group Of Institutions
Uncaught TypeError: Cannot read property 'name' of null
OVER_QUERY_LIMIT
Anupama Group of Institutions
EuroKids
Hamsa Lekha Music School
Nirankar Divine Kids
Uncaught TypeError: Cannot read property 'name' of null
Uncaught TypeError: Cannot read property 'name' of null
EuroKids
Uncaught TypeError: Cannot read property 'name' of null
Uncaught TypeError: Cannot read property 'name' of null
Goutham College of Nursing
Goutham College
K. M. W. A Composite Pre-University College
Uncaught TypeError: Cannot read property 'name' of null
Uncaught TypeError: Cannot read property 'name' of null
Serra International
Vidya Bharathi English School
Shambhavi Forex Trading
OVER_QUERY_LIMIT
TIME Kids Mahalakshmipuram
OVER_QUERY_LIMIT
OVER_QUERY_LIMIT
Uncaught TypeError: Cannot read property 'name' of null
School
Uncaught TypeError: Cannot read property 'name' of null
Uncaught TypeError: Cannot read property 'name' of null
National Public School
Dr. Ambedkar Institute Of Technology
Indian Institute of Management Bangalore
Mount Carmel College
Uncaught TypeError: Cannot read property 'name' of null
Uncaught TypeError: Cannot read property 'name' of null
Mount Carmel College
OVER_QUERY_LIMIT
Uncaught TypeError: Cannot read property 'name' of null
OVER_QUERY_LIMIT
OVER_QUERY_LIMIT
Mount Carmel College
Uncaught TypeError: Cannot read property 'name' of null
Uncaught TypeError: Cannot read property 'name' of null
Mount Carmel College
OVER_QUERY_LIMIT
OVER_QUERY_LIMIT
Uncaught TypeError: Cannot read property 'name' of null
Uncaught TypeError: Cannot read property 'name' of null
OVER_QUERY_LIMIT
OVER_QUERY_LIMIT
St. Mary's Basilica
Uncaught TypeError: Cannot read property 'name' of null
Uncaught TypeError: Cannot read property 'name' of null
M P Birla Institute of Management
OVER_QUERY_LIMIT
Uncaught TypeError: Cannot read property 'name' of null
St. Mary's Basilica
Uncaught TypeError: Cannot read property 'name' of null
Uncaught TypeError: Cannot read property 'name' of null
Giraffe Learning / IDeA
SD Oracle Training Institute
Phoenix Academy Life Skills (P A L S)
International Facility Management Institute
Metropolitan Central School
Blue Bell Nursery
TITANIUM GROUP / KULGUL
Interior School
Aptech Computer Education
Uncaught TypeError: Cannot read property 'name' of null
Uncaught TypeError: Cannot read property 'name' of null
M P Birla Institute of Management
The Institution of Engineers (India) Karnataka State Centre
OVER_QUERY_LIMIT
Government R.C. College of Commerce and Management
OVER_QUERY_LIMIT
Uncaught TypeError: Cannot read property 'name' of null
Uncaught TypeError: Cannot read property 'name' of null
Ethical Hacking Workshop
OVER_QUERY_LIMIT
Uncaught TypeError: Cannot read property 'name' of null
Ethical Hacking Workshop
OVER_QUERY_LIMIT
Uncaught TypeError: Cannot read property 'name' of null
Ethical Hacking Workshop
OVER_QUERY_LIMIT
Uncaught TypeError: Cannot read property 'name' of null
OVER_QUERY_LIMIT
OVER_QUERY_LIMIT
Ethical Hacking Workshop
Uncaught TypeError: Cannot read property 'name' of null
Uncaught TypeError: Cannot read property 'name' of null
Ethical Hacking Workshop
Bhartiya Vidya Bhavan
OVER_QUERY_LIMIT
Uncaught TypeError: Cannot read property 'name' of null
Sophia Opportunity School
OVER_QUERY_LIMIT
Uncaught TypeError: Cannot read property 'name' of null
Sophia Opportunity School
Uncaught TypeError: Cannot read property 'name' of null
Uncaught TypeError: Cannot read property 'name' of null
Mount Carmel College
OVER_QUERY_LIMIT
OVER_QUERY_LIMIT
OVER_QUERY_LIMIT
Uncaught TypeError: Cannot read property 'name' of null
Mount Carmel College
Uncaught TypeError: Cannot read property 'name' of null
Uncaught TypeError: Cannot read property 'name' of null
Mount Carmel College
Indian College Of Cardiology
Bhagwan Mahaveer Jain College of Nursing
CRESCENDO
Bangalore Branch of SIRC of ICAI
FLEDGE INSTITUTE OF AVIATION & HOSPITALITY
Ambitious College Of Distance Education
Bhagwan Mahaveer Jain Hospital
Uncaught TypeError: Cannot read property 'name' of null
Uncaught TypeError: Cannot read property 'name' of null
Mount Carmel College
Uncaught TypeError: Cannot read property 'name' of null
Uncaught TypeError: Cannot read property 'name' of null
Mount Carmel College
OVER_QUERY_LIMIT
OVER_QUERY_LIMIT
Uncaught TypeError: Cannot read property 'name' of null
Mount Carmel College
Uncaught TypeError: Cannot read property 'name' of null
Uncaught TypeError: Cannot read property 'name' of null
Lourd Vijay's Dance Studio
Animaster Academy
OVER_QUERY_LIMIT
Uncaught TypeError: Cannot read property 'name' of null
Uncaught TypeError: Cannot read property 'name' of null
OVER_QUERY_LIMIT
OVER_QUERY_LIMIT
Uncaught TypeError: Cannot read property 'name' of null
Animaster Academy
Animaster College
OVER_QUERY_LIMIT
Uncaught TypeError: Cannot read property 'name' of null
Animaster Academy
OVER_QUERY_LIMIT
Uncaught TypeError: Cannot read property 'name' of null
Bodhi college Of Fine Arts
OVER_QUERY_LIMIT
Uncaught TypeError: Cannot read property 'name' of null
Bodhi college Of Fine Arts
OVER_QUERY_LIMIT
Uncaught TypeError: Cannot read property 'name' of null
Government Lower Primary School Guttahally
OVER_QUERY_LIMIT
OVER_QUERY_LIMIT
Uncaught TypeError: Cannot read property 'name' of null
Uncaught TypeError: Cannot read property 'name' of null
OVER_QUERY_LIMIT
OVER_QUERY_LIMIT
Uncaught TypeError: Cannot read property 'name' of null
Uncaught TypeError: Cannot read property 'name' of null
Uncaught TypeError: Cannot read property 'name' of null
Uncaught TypeError: Cannot read property 'name' of null
Mysore Correspondence College
MLA First Grade College For Women
Uncaught TypeError: Cannot read property 'name' of null
Uncaught TypeError: Cannot read property 'name' of null
Shraddha Dance Centre
Stella Maris School
Itech Java Training Institute
OVER_QUERY_LIMIT
Uncaught TypeError: Cannot read property 'name' of null
Uncaught TypeError: Cannot read property 'name' of null
Uncaught TypeError: Cannot read property 'name' of null
Vishala Karnataka Correspondence College
OVER_QUERY_LIMIT
Uncaught TypeError: Cannot read property 'name' of null
Uncaught TypeError: Cannot read property 'name' of null
Uncaught TypeError: Cannot read property 'name' of null
Vishala Karnataka Correspondence College
OVER_QUERY_LIMIT
OVER_QUERY_LIMIT
Uncaught TypeError: Cannot read property 'name' of null
Uncaught TypeError: Cannot read property 'name' of null
B P Indian Public School
OVER_QUERY_LIMIT
OVER_QUERY_LIMIT
Uncaught TypeError: Cannot read property 'name' of null
Uncaught TypeError: Cannot read property 'name' of null
IMS Malleshwaram, Bangalore
OVER_QUERY_LIMIT
OVER_QUERY_LIMIT
OVER_QUERY_LIMIT
Uncaught TypeError: Cannot read property 'name' of null
OVER_QUERY_LIMIT
Uncaught TypeError: Cannot read property 'name' of null
OVER_QUERY_LIMIT
Uncaught TypeError: Cannot read property 'name' of null
Uncaught TypeError: Cannot read property 'name' of null
Uncaught TypeError: Cannot read property 'name' of null
OVER_QUERY_LIMIT
OVER_QUERY_LIMIT
Uncaught TypeError: Cannot read property 'name' of null
KIDS NEST
OVER_QUERY_LIMIT
OVER_QUERY_LIMIT
Uncaught TypeError: Cannot read property 'name' of null
Uncaught TypeError: Cannot read property 'name' of null
OVER_QUERY_LIMIT
OVER_QUERY_LIMIT
OVER_QUERY_LIMIT
OVER_QUERY_LIMIT
Uncaught TypeError: Cannot read property 'name' of null
OVER_QUERY_LIMIT
OVER_QUERY_LIMIT
Uncaught TypeError: Cannot read property 'name' of null
Uncaught TypeError: Cannot read property 'name' of null
Uncaught TypeError: Cannot read property 'name' of null
Uncaught TypeError: Cannot read property 'name' of null
Government Tamil Higher Primary School
Army Public School ASC Centre & College
GOVERNMENT RAMNARAYAN CHELLARAM COLLEGE
HDFC Guest House
St Judes Play Nursery School
Corporation Girls High School
St Philominas College Of Nursing
Yelgundapalya School
OVER_QUERY_LIMIT
OVER_QUERY_LIMIT
