Government College of Pharmacy
Department Of Community Medicine, BMCRI
Bangalore Medical College and Research Institute
Central College
SFE Film & Television Institute
SLN College of Arts and Commerce
Nightingale College Of Nursing
MS Ramaiah College of Education
Chamrajpat College
Sri Bhagawan Mahaveer Jain College
St Joseph``s High School
Government Urdu Primary School
St Joseph``s High School
SLN College of Arts and Commerce
Govt College of Nursing
St Tersa womensTeacher Training Institute
St Joseph``s High School
Govt College Of Indian Medicine
Sripatiadi Nantundapda and Sri Rammarava Vidyashale
SN English School
Thoms Memorial English School
Vidyakethan Kannada School
Goodwin English School
Bapuji English High School
Government Higher Primary School Devara Hosahalli
Greech Play Home
Isaac Newton High School
Government Higher Primary School Devara Hosahalli
Nightingale College Of Nursing
Government Higher Primary School Devara Hosahalli
Nightingale College Of Nursing
HTM High School
Karthik Foundation School
Kamala Central School
Govt School
Govt School
Central College
Corporation School
National Public School
The Cathedral High School
Baldwin Girls' High School
ST.JOSEPH'S BOYS' HIGH SCHOOL
St. Mary's Basilica
The National High School
Baldwin Girls' High School
Vijaya High School
St. Mary's Basilica
Mount Carmel College
Vijaya High School
The National High School
Vijaya College Playground
Bangalore Institute of Technology
The National High School
Tree House Play Group
Parikrama Center For Learning
Rv Public School
Vijaya College Playground
Christ P U College
Institute Of Language Management (P) Ltd
Tree House Play Group
Institute Of Language Management (P) Ltd
Vijaya College Playground
The National High School
Tree House Play Group
Parikrama Center For Learning
Canara Bank Staff Training College
SIP - Basavanagudi
BMS College of Engineering
Sri Maradi Subbaya Vidya Kendra
Sree Saraswathi Vidya Mandira
Sri Nijagunara Education Trust
N.E.T. Public School, Gavipuram Layout
Niveditha School
Bhagwandas Dadlani Institute Of Pharmacy
BALC | Bharatiya Academy of Linguistics and Communication
Sree Saraswathi Vidya Mandira
Niveditha School
Growing Wonders Montessori (Centre #2)
Kokino
Anviras Institute of Fashion Technology
Kokino
Kokino
Smt. SNBT Kanya School
Smt. SNBT Kanya School
Bhavani Primary School, Bhavani Nagar
ZERO_RESULTS
Bhavani Primary School, Bhavani Nagar
Brundavana Education Society
Sri Ambha Bhavani School Of Music
Bhavani Nursery And High School - Bavani Education Association
Brindavan School
ICFAI Bangalore
Garden English School
The National High School
Baldwin Girls' High School
Corporation School
B M Srinivasaiah Educational Trust
Osteen College
V V Puram College of Science
Osteen College
Osteen College
S S Correspondence College
Osteen College
Parvathama CC College
Parvathama CC College
SLN College of Arts and Commerce
SLN College of Arts and Commerce
Citizen Nwesar School
Arathi Ywcn School
Rajayoga Education
Citizen Nwesar School
Citizen Nwesar School
School Of Graduate Studies
Government Urdu Higher Primary School
Sudha Fashions
Rajkamal Trading Company
Baldwin Girls' High School
Marudhar Apparels
Bharathi Vidyashala