Uncaught SyntaxError: Unexpected token )
Navigated to file:///F:/Project%20Elective%20-%20Traffic%20Modelling/myworkarea/index.html
Uncaught InvalidValueError: initMap is not a function
Navigated to file:///F:/Project%20Elective%20-%20Traffic%20Modelling/myworkarea/index.html
OVER_QUERY_LIMIT
OVER_QUERY_LIMIT
Corporation School
Uncaught ReferenceError: marker is not defined
Corporation School
Uncaught ReferenceError: marker is not defined
Fort High School
Uncaught ReferenceError: marker is not defined
Isaac Newton High School
Uncaught ReferenceError: marker is not defined
Bangalore Insurance Institute
Uncaught ReferenceError: marker is not defined
St Joseph``s High School
Uncaught ReferenceError: marker is not defined
School Of Graduate Studies
Uncaught ReferenceError: marker is not defined
Wisdom International School
Uncaught ReferenceError: marker is not defined
Mahaveer Public School
Uncaught ReferenceError: marker is not defined
Nightingale College Of Nursing
Uncaught ReferenceError: marker is not defined
St Lord's International Public School
Uncaught ReferenceError: marker is not defined
